WARN: App-Icli-0.48 - App-Icli-0.48 - DERF

WARN: App-dropboxapi-1.17 - App-dropboxapi-1.17 - ASKADNA

PASS: App-PM-Website-0.131611 - App-PM-Website-0.131611 - SPAZM

WARN: Backup-Omni-0.02 - Backup-Omni-0.02 - KESTEB

PASS: BenchmarkAnything-Storage-Backend-SQL-0.015 - BenchmarkAnything-Storage-Backend-SQL-0.015 - SCHWIGON

PASS: Business-CPI-Gateway-PayPal-0.905 - Business-CPI-Gateway-PayPal-0.905 - ANDRE

PASS: Business-DPD-0.22 - Business-DPD-0.22 - DOMM

PASS: App-SCM-Digest-0.01 - App-SCM-Digest-0.01 - TOMHRR

PASS: BusyBird-0.12 - BusyBird-0.12 - TOSHIOITO

PASS: BusyBird-0.12 - BusyBird-0.12 - TOSHIOITO

PASS: BusyBird-DateTime-Format-0.05 - BusyBird-DateTime-Format-0.05 - TOSHIOITO

WARN: BZ-Client-1.072 - BZ-Client-1.072 - DJZORT

PASS: Calendar-Slots-0.15 - Calendar-Slots-0.15 - RODRIGO

PASS: Cmd-Dwarf-1.30 - Cmd-Dwarf-1.30 - SEAGIRL

PASS: CPAN-Testers-ParseReport-0.2.9 - CPAN-Testers-ParseReport-0.2.9 - ANDK

WARN: Catmandu-Fix-Date-0.0124 - Catmandu-Fix-Date-0.0124 - NJFRANCK

WARN: Data-FormValidator-Constraints-DateTime-1.11 - Data-FormValidator-Constraints-DateTime-1.11 - WONKO

WARN: Data-OpeningHours-0.4.2 - Data-OpeningHours-0.4.2 - STUIFZAND

WARN: DateTime-Format-Builder-0.81 - DateTime-Format-Builder-0.81 - DROLSKY

PASS: DateTime-Format-MSSQL-1.001000 - DateTime-Format-MSSQL-1.001000 - FREW

PASS: DateTime-Format-PayPal-IPN-0.000001 - DateTime-Format-PayPal-IPN-0.000001 - OALDERS

PASS: DateTime-Format-Sybase-0.04 - DateTime-Format-Sybase-0.04 - RKITOVER

WARN: DateTimeX-Auto-0.008 - DateTimeX-Auto-0.008 - TOBYINK

PASS: DateTimeX-Factory-1.00 - DateTimeX-Factory-1.00 - TAKUJI

PASS: DateTimeX-Web-0.07 - DateTimeX-Web-0.07 - ISHIGAKI

WARN: Dancer-Plugin-Catmandu-OAI-0.0307 - Dancer-Plugin-Catmandu-OAI-0.0307 - NJFRANCK

WARN: DBIx-Skinny-InflateColumn-DateTime-0.06 - DBIx-Skinny-InflateColumn-DateTime-0.06 - NEKOYA

PASS: Facebook-Graph-1.1000 - Facebook-Graph-1.1000 - RIZEN

PASS: Finance-FITF-0.31 - Finance-FITF-0.31 - CLKAO

WARN: FormValidator-Simple-0.29 - FormValidator-Simple-0.29 - LYOKATO

PASS: Gaim-Log-Parser-0.14 - Gaim-Log-Parser-0.14 - MSCHILLI

PASS: Group-Git-Cmd-Ivan-v0.0.2 - Group-Git-Cmd-Ivan-v0.0.2 - IVANWILLS

WARN: FormValidator-LazyWay-0.20 - FormValidator-LazyWay-0.20 - TARO

WARN: Hessian-Translator-1.06 - Hessian-Translator-1.06 - HEYTRAV

WARN: HTML-FormFu-2.01 - HTML-FormFu-2.01 - CFRANKS

PASS: HTML-Microformats-0.105 - HTML-Microformats-0.105 - TOBYINK

PASS: HTTP-RobotsTag-0.00001 - HTTP-RobotsTag-0.00001 - DMAKI


--------------------------------------------------
WARN: Jifty-DBI-0.78 - Jifty-DBI-0.78 - ALEXMV

PASS: HTML-FormHandler-0.40064 - HTML-FormHandler-0.40064 - GSHANK

PASS: Module-Metadata-Changes-2.05 - Module-Metadata-Changes-2.05 - RSAVAGE

PASS: MooX-Types-MooseLike-DateTime-0.01 - MooX-Types-MooseLike-DateTime-0.01 - LTRIANT

FAIL: KiokuDB-0.57 - KiokuDB-0.57 - DOY
--------------------------------------------------
PERL_DL_NONLAZY=1 "/home/autarch/perl5/perlbrew/perls/perl-5.22.0/bin/perl" "-MExtUtils::Command::MM" "-MTest::Harness" "-e" "undef *Test::Harness::Switches; test_harness(0, 'blib/lib', 'blib/arch')" t/*.t
t/00-compile.t ................. ok
t/coderefs.t ................... ok
t/collapser.t .................. ok
t/digest.t ..................... ok
t/directory.t .................. ok
t/entry.t ...................... ok
t/gc_naive.t ................... ok
t/gin.t ........................ 
Dubious, test returned 1 (wstat 256, 0x100)
Failed 1/601 subtests 
	(less 2 skipped subtests: 598 okay)
t/hash.t ....................... 
Dubious, test returned 16 (wstat 4096, 0x1000)
Failed 16/19528 subtests 
	(less 120 skipped subtests: 19392 okay)
t/hash_backend.t ............... ok
t/jspon_serialization.t ........ ok
t/kiokudb_class_native.t ....... ok
t/lazy.t ....................... ok
t/link_checker.t ............... ok
t/link_checker_real.t .......... ok
t/live_objs.t .................. ok
t/moose_triggers.t ............. ok
t/ref.t ........................ ok
t/scaling.t .................... ok
t/serializer.t ................. ok
t/stream.t ..................... ok
t/tied.t ....................... ok
t/typemap.t .................... ok
t/typemap_default_json.t ....... ok
t/typemap_default_storable.t ... ok
t/typemap_entry_callback.t ..... ok
t/typemap_entry_mop.t .......... ok
t/typemap_entry_naive.t ........ ok
t/typemap_entry_passthrough.t .. ok
t/typemap_entry_storable.t ..... ok
t/typemap_extra.t .............. ok
t/typemap_resolver.t ........... ok
t/typemap_values.t ............. ok
t/uuid.t ....................... ok
t/versioning.t ................. ok

Test Summary Report
-------------------
t/gin.t                      (Wstat: 256 Tests: 601 Failed: 1)
  Failed test:  375
  Non-zero exit status: 1
t/hash.t                     (Wstat: 4096 Tests: 19528 Failed: 16)
  Failed tests:  351, 924, 1501, 2074, 2662, 3236, 3814
                4388, 4955, 5528, 6105, 6678, 7266, 7840
                8418, 8992
  Non-zero exit status: 16
Files=35, Tests=22050, 90 wallclock secs ( 1.61 usr  0.09 sys + 79.34 cusr  3.87 csys = 84.91 CPU)
Result: FAIL

#   Failed test 'no error in fixture'
#   at /home/autarch/.local/share/.cpan/build/KiokuDB-0.57-A26QxB/blib/lib/KiokuDB/Test.pm line 38.
# died: Transaction aborted: Can't store REGEXP items at /home/autarch/perl5/perlbrew/perls/perl-5.22.0/lib/5.22.0/x86_64-linux/Storable.pm line 341, at /home/autarch/.local/share/.cpan/build/KiokuDB-0.57-A26QxB/blib/lib/KiokuDB/Backend/Serialize/Storable.pm line 23.
# , rollback failed: no open transaction at /home/autarch/.local/share/.cpan/build/KiokuDB-0.57-A26QxB/blib/lib/KiokuDB/Backend/Role/TXN.pm line 46.
#  at /home/autarch/.local/share/.cpan/build/KiokuDB-0.57-A26QxB/blib/lib/KiokuDB/Backend/Role/TXN.pm line 50.
# Looks like you failed 1 test of 601.

#   Failed test 'no error in fixture'
#   at /home/autarch/.local/share/.cpan/build/KiokuDB-0.57-A26QxB/blib/lib/KiokuDB/Test.pm line 38.
# died: Transaction aborted: Can't store REGEXP items at /home/autarch/.local/share/.cpan/build/KiokuDB-0.57-A26QxB/blib/lib/KiokuDB/Backend/Serialize/Memory.pm line 22.
# , rollback failed: no open transaction at /home/autarch/.local/share/.cpan/build/KiokuDB-0.57-A26QxB/blib/lib/KiokuDB/Backend/Role/TXN.pm line 46.
#  at /home/autarch/.local/share/.cpan/build/KiokuDB-0.57-A26QxB/blib/lib/KiokuDB/Backend/Role/TXN.pm line 50.

#   Failed test 'no error in fixture'
#   at /home/autarch/.local/share/.cpan/build/KiokuDB-0.57-A26QxB/blib/lib/KiokuDB/Test.pm line 38.
# died: Transaction aborted: Can't store REGEXP items at /home/autarch/.local/share/.cpan/build/KiokuDB-0.57-A26QxB/blib/lib/KiokuDB/Backend/Serialize/Memory.pm line 22.
# , rollback failed: no open transaction at /home/autarch/.local/share/.cpan/build/KiokuDB-0.57-A26QxB/blib/lib/KiokuDB/Backend/Role/TXN.pm line 46.
#  at /home/autarch/.local/share/.cpan/build/KiokuDB-0.57-A26QxB/blib/lib/KiokuDB/Backend/Role/TXN.pm line 50.

#   Failed test 'no error in fixture'
#   at /home/autarch/.local/share/.cpan/build/KiokuDB-0.57-A26QxB/blib/lib/KiokuDB/Test.pm line 38.
# died: Transaction aborted: Can't store REGEXP items at /home/autarch/.local/share/.cpan/build/KiokuDB-0.57-A26QxB/blib/lib/KiokuDB/Backend/Serialize/Memory.pm line 22.
# , rollback failed: no open transaction at /home/autarch/.local/share/.cpan/build/KiokuDB-0.57-A26QxB/blib/lib/KiokuDB/Backend/Role/TXN.pm line 46.
#  at /home/autarch/.local/share/.cpan/build/KiokuDB-0.57-A26QxB/blib/lib/KiokuDB/Backend/Role/TXN.pm line 50.

#   Failed test 'no error in fixture'
#   at /home/autarch/.local/share/.cpan/build/KiokuDB-0.57-A26QxB/blib/lib/KiokuDB/Test.pm line 38.
# died: Transaction aborted: Can't store REGEXP items at /home/autarch/.local/share/.cpan/build/KiokuDB-0.57-A26QxB/blib/lib/KiokuDB/Backend/Serialize/Memory.pm line 22.
# , rollback failed: no open transaction at /home/autarch/.local/share/.cpan/build/KiokuDB-0.57-A26QxB/blib/lib/KiokuDB/Backend/Role/TXN.pm line 46.
#  at /home/autarch/.local/share/.cpan/build/KiokuDB-0.57-A26QxB/blib/lib/KiokuDB/Backend/Role/TXN.pm line 50.

#   Failed test 'no error in fixture'
#   at /home/autarch/.local/share/.cpan/build/KiokuDB-0.57-A26QxB/blib/lib/KiokuDB/Test.pm line 38.
# died: Transaction aborted: Can't store REGEXP items at /home/autarch/.local/share/.cpan/build/KiokuDB-0.57-A26QxB/blib/lib/KiokuDB/Backend/Serialize/Memory.pm line 22.
# , rollback failed: no open transaction at /home/autarch/.local/share/.cpan/build/KiokuDB-0.57-A26QxB/blib/lib/KiokuDB/Backend/Role/TXN.pm line 46.
#  at /home/autarch/.local/share/.cpan/build/KiokuDB-0.57-A26QxB/blib/lib/KiokuDB/Backend/Role/TXN.pm line 50.

#   Failed test 'no error in fixture'
#   at /home/autarch/.local/share/.cpan/build/KiokuDB-0.57-A26QxB/blib/lib/KiokuDB/Test.pm line 38.
# died: Transaction aborted: Can't store REGEXP items at /home/autarch/.local/share/.cpan/build/KiokuDB-0.57-A26QxB/blib/lib/KiokuDB/Backend/Serialize/Memory.pm line 22.
# , rollback failed: no open transaction at /home/autarch/.local/share/.cpan/build/KiokuDB-0.57-A26QxB/blib/lib/KiokuDB/Backend/Role/TXN.pm line 46.
#  at /home/autarch/.local/share/.cpan/build/KiokuDB-0.57-A26QxB/blib/lib/KiokuDB/Backend/Role/TXN.pm line 50.

#   Failed test 'no error in fixture'
#   at /home/autarch/.local/share/.cpan/build/KiokuDB-0.57-A26QxB/blib/lib/KiokuDB/Test.pm line 38.
# died: Transaction aborted: Can't store REGEXP items at /home/autarch/.local/share/.cpan/build/KiokuDB-0.57-A26QxB/blib/lib/KiokuDB/Backend/Serialize/Memory.pm line 22.
# , rollback failed: no open transaction at /home/autarch/.local/share/.cpan/build/KiokuDB-0.57-A26QxB/blib/lib/KiokuDB/Backend/Role/TXN.pm line 46.
#  at /home/autarch/.local/share/.cpan/build/KiokuDB-0.57-A26QxB/blib/lib/KiokuDB/Backend/Role/TXN.pm line 50.

#   Failed test 'no error in fixture'
#   at /home/autarch/.local/share/.cpan/build/KiokuDB-0.57-A26QxB/blib/lib/KiokuDB/Test.pm line 38.
# died: Transaction aborted: Can't store REGEXP items at /home/autarch/.local/share/.cpan/build/KiokuDB-0.57-A26QxB/blib/lib/KiokuDB/Backend/Serialize/Memory.pm line 22.
# , rollback failed: no open transaction at /home/autarch/.local/share/.cpan/build/KiokuDB-0.57-A26QxB/blib/lib/KiokuDB/Backend/Role/TXN.pm line 46.
#  at /home/autarch/.local/share/.cpan/build/KiokuDB-0.57-A26QxB/blib/lib/KiokuDB/Backend/Role/TXN.pm line 50.

#   Failed test 'no error in fixture'
#   at /home/autarch/.local/share/.cpan/build/KiokuDB-0.57-A26QxB/blib/lib/KiokuDB/Test.pm line 38.
# died: Transaction aborted: Can't store REGEXP items at /home/autarch/perl5/perlbrew/perls/perl-5.22.0/lib/5.22.0/x86_64-linux/Storable.pm line 341, at /home/autarch/.local/share/.cpan/build/KiokuDB-0.57-A26QxB/blib/lib/KiokuDB/Backend/Serialize/Storable.pm line 23.
# , rollback failed: no open transaction at /home/autarch/.local/share/.cpan/build/KiokuDB-0.57-A26QxB/blib/lib/KiokuDB/Backend/Role/TXN.pm line 46.
#  at /home/autarch/.local/share/.cpan/build/KiokuDB-0.57-A26QxB/blib/lib/KiokuDB/Backend/Role/TXN.pm line 50.

#   Failed test 'no error in fixture'
#   at /home/autarch/.local/share/.cpan/build/KiokuDB-0.57-A26QxB/blib/lib/KiokuDB/Test.pm line 38.
# died: Transaction aborted: Can't store REGEXP items at /home/autarch/perl5/perlbrew/perls/perl-5.22.0/lib/5.22.0/x86_64-linux/Storable.pm line 341, at /home/autarch/.local/share/.cpan/build/KiokuDB-0.57-A26QxB/blib/lib/KiokuDB/Backend/Serialize/Storable.pm line 23.
# , rollback failed: no open transaction at /home/autarch/.local/share/.cpan/build/KiokuDB-0.57-A26QxB/blib/lib/KiokuDB/Backend/Role/TXN.pm line 46.
#  at /home/autarch/.local/share/.cpan/build/KiokuDB-0.57-A26QxB/blib/lib/KiokuDB/Backend/Role/TXN.pm line 50.

#   Failed test 'no error in fixture'
#   at /home/autarch/.local/share/.cpan/build/KiokuDB-0.57-A26QxB/blib/lib/KiokuDB/Test.pm line 38.
# died: Transaction aborted: Can't store REGEXP items at /home/autarch/perl5/perlbrew/perls/perl-5.22.0/lib/5.22.0/x86_64-linux/Storable.pm line 341, at /home/autarch/.local/share/.cpan/build/KiokuDB-0.57-A26QxB/blib/lib/KiokuDB/Backend/Serialize/Storable.pm line 23.
# , rollback failed: no open transaction at /home/autarch/.local/share/.cpan/build/KiokuDB-0.57-A26QxB/blib/lib/KiokuDB/Backend/Role/TXN.pm line 46.
#  at /home/autarch/.local/share/.cpan/build/KiokuDB-0.57-A26QxB/blib/lib/KiokuDB/Backend/Role/TXN.pm line 50.

#   Failed test 'no error in fixture'
#   at /home/autarch/.local/share/.cpan/build/KiokuDB-0.57-A26QxB/blib/lib/KiokuDB/Test.pm line 38.
# died: Transaction aborted: Can't store REGEXP items at /home/autarch/perl5/perlbrew/perls/perl-5.22.0/lib/5.22.0/x86_64-linux/Storable.pm line 341, at /home/autarch/.local/share/.cpan/build/KiokuDB-0.57-A26QxB/blib/lib/KiokuDB/Backend/Serialize/Storable.pm line 23.
# , rollback failed: no open transaction at /home/autarch/.local/share/.cpan/build/KiokuDB-0.57-A26QxB/blib/lib/KiokuDB/Backend/Role/TXN.pm line 46.
#  at /home/autarch/.local/share/.cpan/build/KiokuDB-0.57-A26QxB/blib/lib/KiokuDB/Backend/Role/TXN.pm line 50.

#   Failed test 'no error in fixture'
#   at /home/autarch/.local/share/.cpan/build/KiokuDB-0.57-A26QxB/blib/lib/KiokuDB/Test.pm line 38.
# died: Transaction aborted: Can't store REGEXP items at /home/autarch/perl5/perlbrew/perls/perl-5.22.0/lib/5.22.0/x86_64-linux/Storable.pm line 341, at /home/autarch/.local/share/.cpan/build/KiokuDB-0.57-A26QxB/blib/lib/KiokuDB/Backend/Serialize/Storable.pm line 23.
# , rollback failed: no open transaction at /home/autarch/.local/share/.cpan/build/KiokuDB-0.57-A26QxB/blib/lib/KiokuDB/Backend/Role/TXN.pm line 46.
#  at /home/autarch/.local/share/.cpan/build/KiokuDB-0.57-A26QxB/blib/lib/KiokuDB/Backend/Role/TXN.pm line 50.

#   Failed test 'no error in fixture'
#   at /home/autarch/.local/share/.cpan/build/KiokuDB-0.57-A26QxB/blib/lib/KiokuDB/Test.pm line 38.
# died: Transaction aborted: Can't store REGEXP items at /home/autarch/perl5/perlbrew/perls/perl-5.22.0/lib/5.22.0/x86_64-linux/Storable.pm line 341, at /home/autarch/.local/share/.cpan/build/KiokuDB-0.57-A26QxB/blib/lib/KiokuDB/Backend/Serialize/Storable.pm line 23.
# , rollback failed: no open transaction at /home/autarch/.local/share/.cpan/build/KiokuDB-0.57-A26QxB/blib/lib/KiokuDB/Backend/Role/TXN.pm line 46.
#  at /home/autarch/.local/share/.cpan/build/KiokuDB-0.57-A26QxB/blib/lib/KiokuDB/Backend/Role/TXN.pm line 50.

#   Failed test 'no error in fixture'
#   at /home/autarch/.local/share/.cpan/build/KiokuDB-0.57-A26QxB/blib/lib/KiokuDB/Test.pm line 38.
# died: Transaction aborted: Can't store REGEXP items at /home/autarch/perl5/perlbrew/perls/perl-5.22.0/lib/5.22.0/x86_64-linux/Storable.pm line 341, at /home/autarch/.local/share/.cpan/build/KiokuDB-0.57-A26QxB/blib/lib/KiokuDB/Backend/Serialize/Storable.pm line 23.
# , rollback failed: no open transaction at /home/autarch/.local/share/.cpan/build/KiokuDB-0.57-A26QxB/blib/lib/KiokuDB/Backend/Role/TXN.pm line 46.
#  at /home/autarch/.local/share/.cpan/build/KiokuDB-0.57-A26QxB/blib/lib/KiokuDB/Backend/Role/TXN.pm line 50.

#   Failed test 'no error in fixture'
#   at /home/autarch/.local/share/.cpan/build/KiokuDB-0.57-A26QxB/blib/lib/KiokuDB/Test.pm line 38.
# died: Transaction aborted: Can't store REGEXP items at /home/autarch/perl5/perlbrew/perls/perl-5.22.0/lib/5.22.0/x86_64-linux/Storable.pm line 341, at /home/autarch/.local/share/.cpan/build/KiokuDB-0.57-A26QxB/blib/lib/KiokuDB/Backend/Serialize/Storable.pm line 23.
# , rollback failed: no open transaction at /home/autarch/.local/share/.cpan/build/KiokuDB-0.57-A26QxB/blib/lib/KiokuDB/Backend/Role/TXN.pm line 46.
#  at /home/autarch/.local/share/.cpan/build/KiokuDB-0.57-A26QxB/blib/lib/KiokuDB/Backend/Role/TXN.pm line 50.
# Looks like you failed 16 tests of 19528.
Failed 2/35 test programs. 17/22050 subtests failed.
make: *** [test_dynamic] Error 255

PASS: Net-Amazon-Recommended-v0.0.4 - Net-Amazon-Recommended-v0.0.4 - YAKEX

PASS: Net-Amazon-DynamoDB-v0.1.16 - Net-Amazon-DynamoDB-v0.1.16 - UKAUTZ

PASS: Net-Amazon-Signature-V4-0.14 - Net-Amazon-Signature-V4-0.14 - TIM

WARN: Net-Gnip-0.3 - Net-Gnip-0.3 - SIMONW

PASS: Net-MythWeb-0.33 - Net-MythWeb-0.33 - LBROCARD

PASS: Net-Async-Webservice-UPS-1.1.4 - Net-Async-Webservice-UPS-1.1.4 - DAKKAR

PASS: Net-Posterous-0.8 - Net-Posterous-0.8 - SIMONW

PASS: Net-Songkick-0.04 - Net-Songkick-0.04 - DAVECROSS

WARN: Net-PMP-Profile-0.101 - Net-PMP-Profile-0.101 - KARMAN

FAIL: OpenERP-OOM-0.12 - OpenERP-OOM-0.12 - JONALLEN
--------------------------------------------------
PERL_DL_NONLAZY=1 "/home/autarch/perl5/perlbrew/perls/perl-5.22.0/bin/perl" "-MExtUtils::Command::MM" "-MTest::Harness" "-e" "undef *Test::Harness::Switches; test_harness(0, 'inc', 'blib/lib', 'blib/arch')" t/00-load.t t/boilerplate.t t/manifest.t t/pod-coverage.t t/pod.t t/simple.t
t/00-load.t ....... ok
t/boilerplate.t ... ok
t/manifest.t ...... skipped: Author tests not required for installation
t/pod-coverage.t .. 
Dubious, test returned 1 (wstat 256, 0x100)
Failed 1/17 subtests 
t/pod.t ........... ok
t/simple.t ........ ok

Test Summary Report
-------------------
t/pod-coverage.t (Wstat: 256 Tests: 17 Failed: 1)
  Failed test:  11
  Non-zero exit status: 1
Files=6, Tests=52,  1 wallclock secs ( 0.02 usr  0.01 sys +  1.40 cusr  0.07 csys =  1.50 CPU)
Result: FAIL
given is experimental at /home/autarch/.local/share/.cpan/build/OpenERP-OOM-0.12-A26QxB/blib/lib/OpenERP/OOM/Object.pm line 175.
when is experimental at /home/autarch/.local/share/.cpan/build/OpenERP-OOM-0.12-A26QxB/blib/lib/OpenERP/OOM/Object.pm line 176.
when is experimental at /home/autarch/.local/share/.cpan/build/OpenERP-OOM-0.12-A26QxB/blib/lib/OpenERP/OOM/Object.pm line 179.
when is experimental at /home/autarch/.local/share/.cpan/build/OpenERP-OOM-0.12-A26QxB/blib/lib/OpenERP/OOM/Object.pm line 182.
given is experimental at /home/autarch/.local/share/.cpan/build/OpenERP-OOM-0.12-A26QxB/blib/lib/OpenERP/OOM/Object.pm line 280.
when is experimental at /home/autarch/.local/share/.cpan/build/OpenERP-OOM-0.12-A26QxB/blib/lib/OpenERP/OOM/Object.pm line 281.
when is experimental at /home/autarch/.local/share/.cpan/build/OpenERP-OOM-0.12-A26QxB/blib/lib/OpenERP/OOM/Object.pm line 284.
given is experimental at /home/autarch/.local/share/.cpan/build/OpenERP-OOM-0.12-A26QxB/blib/lib/OpenERP/OOM/Object/Base.pm line 57.
when is experimental at /home/autarch/.local/share/.cpan/build/OpenERP-OOM-0.12-A26QxB/blib/lib/OpenERP/OOM/Object/Base.pm line 58.
when is experimental at /home/autarch/.local/share/.cpan/build/OpenERP-OOM-0.12-A26QxB/blib/lib/OpenERP/OOM/Object/Base.pm line 94.
given is experimental at /home/autarch/.local/share/.cpan/build/OpenERP-OOM-0.12-A26QxB/blib/lib/OpenERP/OOM/Object/Base.pm line 148.
when is experimental at /home/autarch/.local/share/.cpan/build/OpenERP-OOM-0.12-A26QxB/blib/lib/OpenERP/OOM/Object/Base.pm line 149.
when is experimental at /home/autarch/.local/share/.cpan/build/OpenERP-OOM-0.12-A26QxB/blib/lib/OpenERP/OOM/Object/Base.pm line 152.
given is experimental at /home/autarch/.local/share/.cpan/build/OpenERP-OOM-0.12-A26QxB/blib/lib/OpenERP/OOM/Object/Base.pm line 323.
when is experimental at /home/autarch/.local/share/.cpan/build/OpenERP-OOM-0.12-A26QxB/blib/lib/OpenERP/OOM/Object/Base.pm line 324.
when is experimental at /home/autarch/.local/share/.cpan/build/OpenERP-OOM-0.12-A26QxB/blib/lib/OpenERP/OOM/Object/Base.pm line 364.
when is experimental at /home/autarch/.local/share/.cpan/build/OpenERP-OOM-0.12-A26QxB/blib/lib/OpenERP/OOM/Object/Base.pm line 367.
given is experimental at /home/autarch/.local/share/.cpan/build/OpenERP-OOM-0.12-A26QxB/blib/lib/OpenERP/OOM/Object/Base.pm line 372.
when is experimental at /home/autarch/.local/share/.cpan/build/OpenERP-OOM-0.12-A26QxB/blib/lib/OpenERP/OOM/Object/Base.pm line 373.
when is experimental at /home/autarch/.local/share/.cpan/build/OpenERP-OOM-0.12-A26QxB/blib/lib/OpenERP/OOM/Object/Base.pm line 385.
given is experimental at /home/autarch/.local/share/.cpan/build/OpenERP-OOM-0.12-A26QxB/blib/lib/OpenERP/OOM/Object/Base.pm line 472.
when is experimental at /home/autarch/.local/share/.cpan/build/OpenERP-OOM-0.12-A26QxB/blib/lib/OpenERP/OOM/Object/Base.pm line 473.
when is experimental at /home/autarch/.local/share/.cpan/build/OpenERP-OOM-0.12-A26QxB/blib/lib/OpenERP/OOM/Object/Base.pm line 502.
when is experimental at /home/autarch/.local/share/.cpan/build/OpenERP-OOM-0.12-A26QxB/blib/lib/OpenERP/OOM/Object/Base.pm line 505.
given is experimental at /home/autarch/.local/share/.cpan/build/OpenERP-OOM-0.12-A26QxB/blib/lib/OpenERP/OOM/Object/Base.pm line 534.
when is experimental at /home/autarch/.local/share/.cpan/build/OpenERP-OOM-0.12-A26QxB/blib/lib/OpenERP/OOM/Object/Base.pm line 535.
when is experimental at /home/autarch/.local/share/.cpan/build/OpenERP-OOM-0.12-A26QxB/blib/lib/OpenERP/OOM/Object/Base.pm line 538.
given is experimental at /home/autarch/.local/share/.cpan/build/OpenERP-OOM-0.12-A26QxB/blib/lib/OpenERP/OOM/Object/Base.pm line 545.
when is experimental at /home/autarch/.local/share/.cpan/build/OpenERP-OOM-0.12-A26QxB/blib/lib/OpenERP/OOM/Object/Base.pm line 546.
given is experimental at /home/autarch/.local/share/.cpan/build/OpenERP-OOM-0.12-A26QxB/blib/lib/OpenERP/OOM/Object/Base.pm line 566.
when is experimental at /home/autarch/.local/share/.cpan/build/OpenERP-OOM-0.12-A26QxB/blib/lib/OpenERP/OOM/Object/Base.pm line 567.
when is experimental at /home/autarch/.local/share/.cpan/build/OpenERP-OOM-0.12-A26QxB/blib/lib/OpenERP/OOM/Object/Base.pm line 571.
# Testing OpenERP::OOM 0.12, Perl 5.022000, /home/autarch/perl5/perlbrew/perls/perl-5.22.0/bin/perl
given is experimental at /home/autarch/.local/share/.cpan/build/OpenERP-OOM-0.12-A26QxB/blib/lib/OpenERP/OOM/Object.pm line 175.
when is experimental at /home/autarch/.local/share/.cpan/build/OpenERP-OOM-0.12-A26QxB/blib/lib/OpenERP/OOM/Object.pm line 176.
when is experimental at /home/autarch/.local/share/.cpan/build/OpenERP-OOM-0.12-A26QxB/blib/lib/OpenERP/OOM/Object.pm line 179.
when is experimental at /home/autarch/.local/share/.cpan/build/OpenERP-OOM-0.12-A26QxB/blib/lib/OpenERP/OOM/Object.pm line 182.
given is experimental at /home/autarch/.local/share/.cpan/build/OpenERP-OOM-0.12-A26QxB/blib/lib/OpenERP/OOM/Object.pm line 280.
when is experimental at /home/autarch/.local/share/.cpan/build/OpenERP-OOM-0.12-A26QxB/blib/lib/OpenERP/OOM/Object.pm line 281.
when is experimental at /home/autarch/.local/share/.cpan/build/OpenERP-OOM-0.12-A26QxB/blib/lib/OpenERP/OOM/Object.pm line 284.

#   Failed test 'Pod coverage on OpenERP::OOM::Tutorial::Schema'
#   at /home/autarch/.perlbrew/libs/perl-5.22.0@dev/lib/perl5/Test/Pod/Coverage.pm line 133.
# OpenERP::OOM::Tutorial::Schema: requiring 'OpenERP::OOM::Tutorial::Schema' failed
given is experimental at /home/autarch/.local/share/.cpan/build/OpenERP-OOM-0.12-A26QxB/blib/lib/OpenERP/OOM/Object/Base.pm line 57.
when is experimental at /home/autarch/.local/share/.cpan/build/OpenERP-OOM-0.12-A26QxB/blib/lib/OpenERP/OOM/Object/Base.pm line 58.
when is experimental at /home/autarch/.local/share/.cpan/build/OpenERP-OOM-0.12-A26QxB/blib/lib/OpenERP/OOM/Object/Base.pm line 94.
given is experimental at /home/autarch/.local/share/.cpan/build/OpenERP-OOM-0.12-A26QxB/blib/lib/OpenERP/OOM/Object/Base.pm line 148.
when is experimental at /home/autarch/.local/share/.cpan/build/OpenERP-OOM-0.12-A26QxB/blib/lib/OpenERP/OOM/Object/Base.pm line 149.
when is experimental at /home/autarch/.local/share/.cpan/build/OpenERP-OOM-0.12-A26QxB/blib/lib/OpenERP/OOM/Object/Base.pm line 152.
given is experimental at /home/autarch/.local/share/.cpan/build/OpenERP-OOM-0.12-A26QxB/blib/lib/OpenERP/OOM/Object/Base.pm line 323.
when is experimental at /home/autarch/.local/share/.cpan/build/OpenERP-OOM-0.12-A26QxB/blib/lib/OpenERP/OOM/Object/Base.pm line 324.
when is experimental at /home/autarch/.local/share/.cpan/build/OpenERP-OOM-0.12-A26QxB/blib/lib/OpenERP/OOM/Object/Base.pm line 364.
when is experimental at /home/autarch/.local/share/.cpan/build/OpenERP-OOM-0.12-A26QxB/blib/lib/OpenERP/OOM/Object/Base.pm line 367.
given is experimental at /home/autarch/.local/share/.cpan/build/OpenERP-OOM-0.12-A26QxB/blib/lib/OpenERP/OOM/Object/Base.pm line 372.
when is experimental at /home/autarch/.local/share/.cpan/build/OpenERP-OOM-0.12-A26QxB/blib/lib/OpenERP/OOM/Object/Base.pm line 373.
when is experimental at /home/autarch/.local/share/.cpan/build/OpenERP-OOM-0.12-A26QxB/blib/lib/OpenERP/OOM/Object/Base.pm line 385.
given is experimental at /home/autarch/.local/share/.cpan/build/OpenERP-OOM-0.12-A26QxB/blib/lib/OpenERP/OOM/Object/Base.pm line 472.
when is experimental at /home/autarch/.local/share/.cpan/build/OpenERP-OOM-0.12-A26QxB/blib/lib/OpenERP/OOM/Object/Base.pm line 473.
when is experimental at /home/autarch/.local/share/.cpan/build/OpenERP-OOM-0.12-A26QxB/blib/lib/OpenERP/OOM/Object/Base.pm line 502.
when is experimental at /home/autarch/.local/share/.cpan/build/OpenERP-OOM-0.12-A26QxB/blib/lib/OpenERP/OOM/Object/Base.pm line 505.
given is experimental at /home/autarch/.local/share/.cpan/build/OpenERP-OOM-0.12-A26QxB/blib/lib/OpenERP/OOM/Object/Base.pm line 534.
when is experimental at /home/autarch/.local/share/.cpan/build/OpenERP-OOM-0.12-A26QxB/blib/lib/OpenERP/OOM/Object/Base.pm line 535.
when is experimental at /home/autarch/.local/share/.cpan/build/OpenERP-OOM-0.12-A26QxB/blib/lib/OpenERP/OOM/Object/Base.pm line 538.
given is experimental at /home/autarch/.local/share/.cpan/build/OpenERP-OOM-0.12-A26QxB/blib/lib/OpenERP/OOM/Object/Base.pm line 545.
when is experimental at /home/autarch/.local/share/.cpan/build/OpenERP-OOM-0.12-A26QxB/blib/lib/OpenERP/OOM/Object/Base.pm line 546.
given is experimental at /home/autarch/.local/share/.cpan/build/OpenERP-OOM-0.12-A26QxB/blib/lib/OpenERP/OOM/Object/Base.pm line 566.
when is experimental at /home/autarch/.local/share/.cpan/build/OpenERP-OOM-0.12-A26QxB/blib/lib/OpenERP/OOM/Object/Base.pm line 567.
when is experimental at /home/autarch/.local/share/.cpan/build/OpenERP-OOM-0.12-A26QxB/blib/lib/OpenERP/OOM/Object/Base.pm line 571.
# Looks like you failed 1 test of 17.
Failed 1/6 test programs. 1/52 subtests failed.
make: *** [test_dynamic] Error 255

PASS: Parse-FixedRecord-0.06 - Parse-FixedRecord-0.06 - DOY

WARN: POE-Component-Client-SimpleFTP-0.004 - POE-Component-Client-SimpleFTP-0.004 - APOCAL

WARN: Net-Twitter-4.01010 - Net-Twitter-4.01010 - MMIMS

PASS: RDF-Closure-0.001 - RDF-Closure-0.001 - TOBYINK

WARN: SimpleDB-Class-1.0503 - SimpleDB-Class-1.0503 - RIZEN

PASS: SVG-Calendar-v0.3.9 - SVG-Calendar-v0.3.9 - IVANWILLS

WARN: Tapper-Reports-Web-4.1.2 - Tapper-Reports-Web-4.1.2 - TAPPER

WARN: Tapper-Testplan-4.1.2 - Tapper-Testplan-4.1.2 - TAPPER

PASS: Template-Plugin-DateTime-0.06002 - Template-Plugin-DateTime-0.06002 - DMAKI

WARN: Time-Strptime-0.03 - Time-Strptime-0.03 - KARUPA

WARN: Travel-Status-DE-IRIS-1.03 - Travel-Status-DE-IRIS-1.03 - DERF

PASS: WebService-GlucoseBuddy-1.113540 - WebService-GlucoseBuddy-1.113540 - CUBABIT

PASS: WebService-Hatena-Diary-0.01 - WebService-Hatena-Diary-0.01 - HAKOBE

WARN: WebService-MyGengo-0.012 - WebService-MyGengo-0.012 - NHEINRIC

PASS: WebService-Pushover-v1.0.0 - WebService-Pushover-v1.0.0 - SHUFF

PASS: WebService-Raygun-0.024 - WebService-Raygun-0.024 - HEYTRAV

WARN: Workflow-1.42 - Workflow-1.42 - JONASBN

PASS: WWW-Asg-0.05 - WWW-Asg-0.05 - FUKATA

PASS: WWW-Selenium-NetworkCapture-0.01 - WWW-Selenium-NetworkCapture-0.01 - JHERM

FAIL: Wx-Perl-DbLinker-0.002 - Wx-Perl-DbLinker-0.002 - RAPPAZF
--------------------------------------------------
PERL_DL_NONLAZY=1 "/home/autarch/perl5/perlbrew/perls/perl-5.22.0/bin/perl" "-MExtUtils::Command::MM" "-MTest::Harness" "-e" "undef *Test::Harness::Switches; test_harness(0, 'blib/lib', 'blib/arch')" t/*.t
t/001_load.t .. 
Dubious, test returned 25 (wstat 6400, 0x1900)
No subtests run 

Test Summary Report
-------------------
t/001_load.t (Wstat: 6400 Tests: 0 Failed: 0)
  Non-zero exit status: 25
  Parse errors: No plan found in TAP output
Files=1, Tests=0,  1 wallclock secs ( 0.01 usr  0.01 sys +  0.03 cusr  0.00 csys =  0.05 CPU)
Result: FAIL
Gtk2::Ex::DbLinker::DbiDataManager tries to implement non existing interface Gtk2::Ex::DbLinker::AbDataManager -- Gtk2::Ex::DbLinker::AbDataManager is not a valid interface. set_row_pos; has an implementation at /tmp/ic6XwNQRnX/lib/perl5/Gtk2/Ex/DbLinker/AbDataManager.pm line 7.
Compilation failed in require at (eval 7) line 1.
BEGIN failed--compilation aborted at (eval 7) line 1.
 at /tmp/ic6XwNQRnX/lib/perl5/Gtk2/Ex/DbLinker/DbiDataManager.pm line 7.
Compilation failed in require at t/001_load.t line 9.
BEGIN failed--compilation aborted at t/001_load.t line 9.
Failed 1/1 test programs. 0/0 subtests failed.
make: *** [test_dynamic] Error 25

FAIL: XAS-0.11 - XAS-0.11 - KESTEB
--------------------------------------------------
Bailout called.  Further testing stopped:  
Constants from lexical variables potentially modified elsewhere are deprecated at /tmp/ic6XwNQRnX/lib/perl5/Badger/Debug.pm line 109.
Constants from lexical variables potentially modified elsewhere are deprecated at /tmp/ic6XwNQRnX/lib/perl5/Badger/Debug.pm line 109.
Constants from lexical variables potentially modified elsewhere are deprecated at /tmp/ic6XwNQRnX/lib/perl5/Badger/Debug.pm line 109.
Constants from lexical variables potentially modified elsewhere are deprecated at /tmp/ic6XwNQRnX/lib/perl5/Badger/Debug.pm line 109.
Constants from lexical variables potentially modified elsewhere are deprecated at /tmp/ic6XwNQRnX/lib/perl5/Badger/Debug.pm line 109.
Constants from lexical variables potentially modified elsewhere are deprecated at /tmp/ic6XwNQRnX/lib/perl5/Badger/Debug.pm line 109.
Constants from lexical variables potentially modified elsewhere are deprecated at /tmp/ic6XwNQRnX/lib/perl5/Badger/Debug.pm line 109.
Constants from lexical variables potentially modified elsewhere are deprecated at /tmp/ic6XwNQRnX/lib/perl5/Badger/Debug.pm line 109.
Constants from lexical variables potentially modified elsewhere are deprecated at /tmp/ic6XwNQRnX/lib/perl5/Badger/Debug.pm line 109.
Constants from lexical variables potentially modified elsewhere are deprecated at /tmp/ic6XwNQRnX/lib/perl5/Badger/Debug.pm line 109.
Constants from lexical variables potentially modified elsewhere are deprecated at /tmp/ic6XwNQRnX/lib/perl5/Badger/Debug.pm line 109.
Constants from lexical variables potentially modified elsewhere are deprecated at /tmp/ic6XwNQRnX/lib/perl5/Badger/Debug.pm line 109.
Constants from lexical variables potentially modified elsewhere are deprecated at /tmp/ic6XwNQRnX/lib/perl5/Badger/Debug.pm line 109.
Constants from lexical variables potentially modified elsewhere are deprecated at /tmp/ic6XwNQRnX/lib/perl5/Badger/Debug.pm line 109.
Constants from lexical variables potentially modified elsewhere are deprecated at /tmp/ic6XwNQRnX/lib/perl5/Badger/Debug.pm line 109.
Constants from lexical variables potentially modified elsewhere are deprecated at /tmp/ic6XwNQRnX/lib/perl5/Badger/Debug.pm line 109.
Constants from lexical variables potentially modified elsewhere are deprecated at /tmp/ic6XwNQRnX/lib/perl5/Badger/Debug.pm line 109.
Constants from lexical variables potentially modified elsewhere are deprecated at /tmp/ic6XwNQRnX/lib/perl5/Badger/Debug.pm line 109.
Constants from lexical variables potentially modified elsewhere are deprecated at /tmp/ic6XwNQRnX/lib/perl5/Badger/Debug.pm line 109.
Constants from lexical variables potentially modified elsewhere are deprecated at /tmp/ic6XwNQRnX/lib/perl5/Badger/Debug.pm line 109.
Constants from lexical variables potentially modified elsewhere are deprecated at /tmp/ic6XwNQRnX/lib/perl5/Badger/Debug.pm line 109.
Constants from lexical variables potentially modified elsewhere are deprecated at /tmp/ic6XwNQRnX/lib/perl5/Badger/Debug.pm line 109.
Constants from lexical variables potentially modified elsewhere are deprecated at /tmp/ic6XwNQRnX/lib/perl5/Badger/Debug.pm line 109.
Constants from lexical variables potentially modified elsewhere are deprecated at /tmp/ic6XwNQRnX/lib/perl5/Badger/Debug.pm line 109.
Constants from lexical variables potentially modified elsewhere are deprecated at /tmp/ic6XwNQRnX/lib/perl5/Badger/Debug.pm line 109.
Constants from lexical variables potentially modified elsewhere are deprecated at /tmp/ic6XwNQRnX/lib/perl5/Badger/Debug.pm line 109.
Constants from lexical variables potentially modified elsewhere are deprecated at /tmp/ic6XwNQRnX/lib/perl5/Badger/Debug.pm line 109.
Constants from lexical variables potentially modified elsewhere are deprecated at /tmp/ic6XwNQRnX/lib/perl5/Badger/Debug.pm line 109.
Constants from lexical variables potentially modified elsewhere are deprecated at /tmp/ic6XwNQRnX/lib/perl5/Badger/Debug.pm line 109.
Constants from lexical variables potentially modified elsewhere are deprecated at /tmp/ic6XwNQRnX/lib/perl5/Badger/Debug.pm line 109.
Constants from lexical variables potentially modified elsewhere are deprecated at /tmp/ic6XwNQRnX/lib/perl5/Badger/Debug.pm line 109.
Constants from lexical variables potentially modified elsewhere are deprecated at /tmp/ic6XwNQRnX/lib/perl5/Badger/Debug.pm line 109.
Constants from lexical variables potentially modified elsewhere are deprecated at /tmp/ic6XwNQRnX/lib/perl5/Badger/Debug.pm line 109.
Constants from lexical variables potentially modified elsewhere are deprecated at /tmp/ic6XwNQRnX/lib/perl5/Badger/Debug.pm line 109.
Constants from lexical variables potentially modified elsewhere are deprecated at /tmp/ic6XwNQRnX/lib/perl5/Badger/Debug.pm line 109.
Constants from lexical variables potentially modified elsewhere are deprecated at /tmp/ic6XwNQRnX/lib/perl5/Badger/Debug.pm line 109.
Constants from lexical variables potentially modified elsewhere are deprecated at /tmp/ic6XwNQRnX/lib/perl5/Badger/Debug.pm line 109.
Constants from lexical variables potentially modified elsewhere are deprecated at /tmp/ic6XwNQRnX/lib/perl5/Badger/Debug.pm line 109.
Constants from lexical variables potentially modified elsewhere are deprecated at /tmp/ic6XwNQRnX/lib/perl5/Badger/Debug.pm line 109.
Constants from lexical variables potentially modified elsewhere are deprecated at /tmp/ic6XwNQRnX/lib/perl5/Badger/Debug.pm line 109.

#   Failed test 'use XAS::Lib::Mixins::Iterator;'
#   at t/00-load.t line 23.
#     Tried to use 'XAS::Lib::Mixins::Iterator'.
#     Error:  Can't locate XAS/Lib/Mixins/Iterator.pm in @INC (you may need to install the XAS::Lib::Mixins::Iterator module) (@INC contains: /home/autarch/.local/share/.cpan/build/XAS-0.11-A26QxB/blib/lib /home/autarch/.local/share/.cpan/build/XAS-0.11-A26QxB/blib/arch /home/autarch/.local/share/.cpan/build/XAS-0.11-A26QxB/_build/lib /home/autarch/projects/DateTime-Format-Strptime/lib /home/autarch/.perlbrew/libs/perl-5.22.0@dev/lib/perl5/x86_64-linux /home/autarch/.perlbrew/libs/perl-5.22.0@dev/lib/perl5/x86_64-linux /home/autarch/.perlbrew/libs/perl-5.22.0@dev/lib/perl5 /tmp/ic6XwNQRnX/lib/perl5/x86_64-linux /tmp/ic6XwNQRnX/lib/perl5/x86_64-linux /tmp/ic6XwNQRnX/lib/perl5 /home/autarch/projects/DateTime-Format-Strptime/lib /home/autarch/.perlbrew/libs/perl-5.22.0@dev/lib/perl5/x86_64-linux /home/autarch/.perlbrew/libs/perl-5.22.0@dev/lib/perl5 /tmp/ic6XwNQRnX/lib/perl5/x86_64-linux /tmp/ic6XwNQRnX/lib/perl5 /home/autarch/perl5/perlbrew/perls/perl-5.22.0/lib/site_perl/5.22.0/x86_64-linux /home/autarch/perl5/perlbrew/perls/perl-5.22.0/lib/site_perl/5.22.0 /home/autarch/perl5/perlbrew/perls/perl-5.22.0/lib/5.22.0/x86_64-linux /home/autarch/perl5/perlbrew/perls/perl-5.22.0/lib/5.22.0 .) at t/00-load.t line 23.
# BEGIN failed--compilation aborted at t/00-load.t line 23.
Constants from lexical variables potentially modified elsewhere are deprecated at /tmp/ic6XwNQRnX/lib/perl5/Badger/Debug.pm line 109.
Constants from lexical variables potentially modified elsewhere are deprecated at /tmp/ic6XwNQRnX/lib/perl5/Badger/Debug.pm line 109.
Constants from lexical variables potentially modified elsewhere are deprecated at /tmp/ic6XwNQRnX/lib/perl5/Badger/Debug.pm line 109.
Constants from lexical variables potentially modified elsewhere are deprecated at /tmp/ic6XwNQRnX/lib/perl5/Badger/Debug.pm line 109.
Constants from lexical variables potentially modified elsewhere are deprecated at /tmp/ic6XwNQRnX/lib/perl5/Badger/Debug.pm line 109.
Constants from lexical variables potentially modified elsewhere are deprecated at /tmp/ic6XwNQRnX/lib/perl5/Badger/Debug.pm line 109.
Constants from lexical variables potentially modified elsewhere are deprecated at /tmp/ic6XwNQRnX/lib/perl5/Badger/Codecs.pm line 149.
Constants from lexical variables potentially modified elsewhere are deprecated at /tmp/ic6XwNQRnX/lib/perl5/Badger/Codecs.pm line 149.
Constants from lexical variables potentially modified elsewhere are deprecated at /tmp/ic6XwNQRnX/lib/perl5/Badger/Debug.pm line 109.
Constants from lexical variables potentially modified elsewhere are deprecated at /tmp/ic6XwNQRnX/lib/perl5/Badger/Codecs.pm line 149.
Constants from lexical variables potentially modified elsewhere are deprecated at /tmp/ic6XwNQRnX/lib/perl5/Badger/Debug.pm line 109.
Constants from lexical variables potentially modified elsewhere are deprecated at /tmp/ic6XwNQRnX/lib/perl5/Badger/Codecs.pm line 149.
Constants from lexical variables potentially modified elsewhere are deprecated at /tmp/ic6XwNQRnX/lib/perl5/Badger/Debug.pm line 109.
Constants from lexical variables potentially modified elsewhere are deprecated at /tmp/ic6XwNQRnX/lib/perl5/Badger/Debug.pm line 109.
Constants from lexical variables potentially modified elsewhere are deprecated at /tmp/ic6XwNQRnX/lib/perl5/Badger/Debug.pm line 109.
Constants from lexical variables potentially modified elsewhere are deprecated at /tmp/ic6XwNQRnX/lib/perl5/Badger/Codecs.pm line 149.
Constants from lexical variables potentially modified elsewhere are deprecated at /tmp/ic6XwNQRnX/lib/perl5/Badger/Debug.pm line 109.
Constants from lexical variables potentially modified elsewhere are deprecated at /tmp/ic6XwNQRnX/lib/perl5/Badger/Debug.pm line 109.
Constants from lexical variables potentially modified elsewhere are deprecated at /tmp/ic6XwNQRnX/lib/perl5/Badger/Debug.pm line 109.
Constants from lexical variables potentially modified elsewhere are deprecated at /tmp/ic6XwNQRnX/lib/perl5/Badger/Debug.pm line 109.
Constants from lexical variables potentially modified elsewhere are deprecated at /tmp/ic6XwNQRnX/lib/perl5/Badger/Debug.pm line 109.

#   Failed test 'use XAS::Lib::SSH::Client;'
#   at t/00-load.t line 46.
#     Tried to use 'XAS::Lib::SSH::Client'.
#     Error:  Can't locate Net/SSH2.pm in @INC (you may need to install the Net::SSH2 module) (@INC contains: /home/autarch/.local/share/.cpan/build/XAS-0.11-A26QxB/blib/lib /home/autarch/.local/share/.cpan/build/XAS-0.11-A26QxB/blib/arch /home/autarch/.local/share/.cpan/build/XAS-0.11-A26QxB/_build/lib /home/autarch/projects/DateTime-Format-Strptime/lib /home/autarch/.perlbrew/libs/perl-5.22.0@dev/lib/perl5/x86_64-linux /home/autarch/.perlbrew/libs/perl-5.22.0@dev/lib/perl5/x86_64-linux /home/autarch/.perlbrew/libs/perl-5.22.0@dev/lib/perl5 /tmp/ic6XwNQRnX/lib/perl5/x86_64-linux /tmp/ic6XwNQRnX/lib/perl5/x86_64-linux /tmp/ic6XwNQRnX/lib/perl5 /home/autarch/projects/DateTime-Format-Strptime/lib /home/autarch/.perlbrew/libs/perl-5.22.0@dev/lib/perl5/x86_64-linux /home/autarch/.perlbrew/libs/perl-5.22.0@dev/lib/perl5 /tmp/ic6XwNQRnX/lib/perl5/x86_64-linux /tmp/ic6XwNQRnX/lib/perl5 /home/autarch/perl5/perlbrew/perls/perl-5.22.0/lib/site_perl/5.22.0/x86_64-linux /home/autarch/perl5/perlbrew/perls/perl-5.22.0/lib/site_perl/5.22.0 /home/autarch/perl5/perlbrew/perls/perl-5.22.0/lib/5.22.0/x86_64-linux /home/autarch/perl5/perlbrew/perls/perl-5.22.0/lib/5.22.0 .) at /home/autarch/.local/share/.cpan/build/XAS-0.11-A26QxB/blib/lib/XAS/Lib/SSH/Client.pm line 7.
# BEGIN failed--compilation aborted at /home/autarch/.local/share/.cpan/build/XAS-0.11-A26QxB/blib/lib/XAS/Lib/SSH/Client.pm line 7.
# Compilation failed in require at t/00-load.t line 46.
# BEGIN failed--compilation aborted at t/00-load.t line 46.
Constants from lexical variables potentially modified elsewhere are deprecated at /tmp/ic6XwNQRnX/lib/perl5/Badger/Debug.pm line 109.
Constants from lexical variables potentially modified elsewhere are deprecated at /tmp/ic6XwNQRnX/lib/perl5/Badger/Debug.pm line 109.
Constants from lexical variables potentially modified elsewhere are deprecated at /tmp/ic6XwNQRnX/lib/perl5/Badger/Debug.pm line 109.
Constants from lexical variables potentially modified elsewhere are deprecated at /tmp/ic6XwNQRnX/lib/perl5/Badger/Debug.pm line 109.
Constants from lexical variables potentially modified elsewhere are deprecated at /tmp/ic6XwNQRnX/lib/perl5/Badger/Debug.pm line 109.
Constants from lexical variables potentially modified elsewhere are deprecated at /tmp/ic6XwNQRnX/lib/perl5/Badger/Codecs.pm line 149.
Constants from lexical variables potentially modified elsewhere are deprecated at /tmp/ic6XwNQRnX/lib/perl5/Badger/Debug.pm line 109.
Constants from lexical variables potentially modified elsewhere are deprecated at /tmp/ic6XwNQRnX/lib/perl5/Badger/Debug.pm line 109.
Constants from lexical variables potentially modified elsewhere are deprecated at /tmp/ic6XwNQRnX/lib/perl5/Badger/Debug.pm line 109.
Constants from lexical variables potentially modified elsewhere are deprecated at /tmp/ic6XwNQRnX/lib/perl5/Badger/Debug.pm line 109.
Constants from lexical variables potentially modified elsewhere are deprecated at /tmp/ic6XwNQRnX/lib/perl5/Badger/Debug.pm line 109.
# Testing XAS 0.11, Perl 5.022000, /home/autarch/perl5/perlbrew/perls/perl-5.22.0/bin/perl
# Looks like you failed 2 tests of 51.
FAILED--Further testing stopped.

